{"/home/armonius/prog/personal_page/fake_social/src/ts/app/app.tsx": {"path":"/home/armonius/prog/personal_page/fake_social/src/ts/app/app.tsx","statementMap":{"0":{"start":{"line":9,"column":2},"end":{"line":14,"column":14}}},"fnMap":{},"branchMap":{},"s":{"0":1},"f":{},"b":{},"_coverageSchema":"1a1c01bbd47fc00a2c39e90264f33305004495a9","hash":"02b70a0b3d0fda95b6f1da980818788ad090b3f6"}
,"/home/armonius/prog/personal_page/fake_social/src/ts/app/style.ts": {"path":"/home/armonius/prog/personal_page/fake_social/src/ts/app/style.ts","statementMap":{},"fnMap":{},"branchMap":{},"s":{},"f":{},"b":{},"_coverageSchema":"1a1c01bbd47fc00a2c39e90264f33305004495a9","hash":"3c0bb63daeb377778a96729d8122e8aaa6b3302b"}
,"/home/armonius/prog/personal_page/fake_social/src/ts/app/footer/footer.tsx": {"path":"/home/armonius/prog/personal_page/fake_social/src/ts/app/footer/footer.tsx","statementMap":{"0":{"start":{"line":4,"column":22},"end":{"line":4,"column":66}},"1":{"start":{"line":4,"column":28},"end":{"line":4,"column":66}}},"fnMap":{"0":{"name":"(anonymous_0)","decl":{"start":{"line":4,"column":22},"end":{"line":4,"column":23}},"loc":{"start":{"line":4,"column":28},"end":{"line":4,"column":66}},"line":4}},"branchMap":{},"s":{"0":1,"1":4},"f":{"0":4},"b":{},"_coverageSchema":"1a1c01bbd47fc00a2c39e90264f33305004495a9","hash":"46dca927ec3a5ae9b393db04f0881264e5bb6793"}
,"/home/armonius/prog/personal_page/fake_social/src/ts/app/footer/style.ts": {"path":"/home/armonius/prog/personal_page/fake_social/src/ts/app/footer/style.ts","statementMap":{},"fnMap":{},"branchMap":{},"s":{},"f":{},"b":{},"_coverageSchema":"1a1c01bbd47fc00a2c39e90264f33305004495a9","hash":"bff88dd4dc8eba84d678d7834e0872d5caac7615"}
,"/home/armonius/prog/personal_page/fake_social/src/ts/app/header/header.tsx": {"path":"/home/armonius/prog/personal_page/fake_social/src/ts/app/header/header.tsx","statementMap":{"0":{"start":{"line":5,"column":22},"end":{"line":7,"column":15}},"1":{"start":{"line":5,"column":28},"end":{"line":7,"column":15}}},"fnMap":{"0":{"name":"(anonymous_0)","decl":{"start":{"line":5,"column":22},"end":{"line":5,"column":23}},"loc":{"start":{"line":5,"column":28},"end":{"line":7,"column":15}},"line":5}},"branchMap":{},"s":{"0":1,"1":4},"f":{"0":4},"b":{},"_coverageSchema":"1a1c01bbd47fc00a2c39e90264f33305004495a9","hash":"d79bb9a15add4bdf27b24d02044ef186b4f15d44"}
,"/home/armonius/prog/personal_page/fake_social/src/ts/app/header/header_logo.tsx": {"path":"/home/armonius/prog/personal_page/fake_social/src/ts/app/header/header_logo.tsx","statementMap":{"0":{"start":{"line":4,"column":19},"end":{"line":37,"column":1}},"1":{"start":{"line":5,"column":2},"end":{"line":36,"column":3}}},"fnMap":{"0":{"name":"(anonymous_0)","decl":{"start":{"line":4,"column":19},"end":{"line":4,"column":20}},"loc":{"start":{"line":4,"column":25},"end":{"line":37,"column":1}},"line":4}},"branchMap":{},"s":{"0":1,"1":4},"f":{"0":4},"b":{},"_coverageSchema":"1a1c01bbd47fc00a2c39e90264f33305004495a9","hash":"90de7723c8617155398a5e46a2d79cb785d0c0e4"}
,"/home/armonius/prog/personal_page/fake_social/src/ts/app/header/style.ts": {"path":"/home/armonius/prog/personal_page/fake_social/src/ts/app/header/style.ts","statementMap":{},"fnMap":{},"branchMap":{},"s":{},"f":{},"b":{},"_coverageSchema":"1a1c01bbd47fc00a2c39e90264f33305004495a9","hash":"dc9a1c8f3d1c5fbdbcb0aedb3e58597b5c81cddc"}
,"/home/armonius/prog/personal_page/fake_social/src/ts/app/main/main.tsx": {"path":"/home/armonius/prog/personal_page/fake_social/src/ts/app/main/main.tsx","statementMap":{"0":{"start":{"line":4,"column":20},"end":{"line":4,"column":58}},"1":{"start":{"line":4,"column":26},"end":{"line":4,"column":58}}},"fnMap":{"0":{"name":"(anonymous_0)","decl":{"start":{"line":4,"column":20},"end":{"line":4,"column":21}},"loc":{"start":{"line":4,"column":26},"end":{"line":4,"column":58}},"line":4}},"branchMap":{},"s":{"0":1,"1":4},"f":{"0":4},"b":{},"_coverageSchema":"1a1c01bbd47fc00a2c39e90264f33305004495a9","hash":"4635c2472d1c33e9ce1122e93e9636d6f72fe61a"}
,"/home/armonius/prog/personal_page/fake_social/src/ts/app/main/style.ts": {"path":"/home/armonius/prog/personal_page/fake_social/src/ts/app/main/style.ts","statementMap":{},"fnMap":{},"branchMap":{},"s":{},"f":{},"b":{},"_coverageSchema":"1a1c01bbd47fc00a2c39e90264f33305004495a9","hash":"a7c30e3b09cd0f615a2874cc044fb93eb25ebc16"}
,"/home/armonius/prog/personal_page/fake_social/src/ts/app/nav/nav.tsx": {"path":"/home/armonius/prog/personal_page/fake_social/src/ts/app/nav/nav.tsx","statementMap":{"0":{"start":{"line":4,"column":19},"end":{"line":4,"column":55}},"1":{"start":{"line":4,"column":25},"end":{"line":4,"column":55}}},"fnMap":{"0":{"name":"(anonymous_0)","decl":{"start":{"line":4,"column":19},"end":{"line":4,"column":20}},"loc":{"start":{"line":4,"column":25},"end":{"line":4,"column":55}},"line":4}},"branchMap":{},"s":{"0":1,"1":4},"f":{"0":4},"b":{},"_coverageSchema":"1a1c01bbd47fc00a2c39e90264f33305004495a9","hash":"bba9e2fcdd3e506441b96d4097c6aaad6fbb591b"}
,"/home/armonius/prog/personal_page/fake_social/src/ts/app/nav/style.ts": {"path":"/home/armonius/prog/personal_page/fake_social/src/ts/app/nav/style.ts","statementMap":{},"fnMap":{},"branchMap":{},"s":{},"f":{},"b":{},"_coverageSchema":"1a1c01bbd47fc00a2c39e90264f33305004495a9","hash":"b8a91d30b8ac5c600e0f69a32c2522c311f9a22d"}
,"/home/armonius/prog/personal_page/fake_social/src/ts/constants/style-colors.ts": {"path":"/home/armonius/prog/personal_page/fake_social/src/ts/constants/style-colors.ts","statementMap":{},"fnMap":{},"branchMap":{},"s":{},"f":{},"b":{},"_coverageSchema":"1a1c01bbd47fc00a2c39e90264f33305004495a9","hash":"9a14184feb3e1f27a5c3c487e0e6512bedc56a97"}
}
