{"/home/armonius/prog/personal_page/fake_social/src/ts/app/app.tsx": {"path":"/home/armonius/prog/personal_page/fake_social/src/ts/app/app.tsx","statementMap":{"0":{"start":{"line":7,"column":2},"end":{"line":10,"column":14}}},"fnMap":{},"branchMap":{},"s":{"0":1},"f":{},"b":{},"_coverageSchema":"1a1c01bbd47fc00a2c39e90264f33305004495a9","hash":"fc98382762d187b09bb30d8dece92f90510885dd"}
,"/home/armonius/prog/personal_page/fake_social/src/ts/app/style.ts": {"path":"/home/armonius/prog/personal_page/fake_social/src/ts/app/style.ts","statementMap":{},"fnMap":{},"branchMap":{},"s":{},"f":{},"b":{},"_coverageSchema":"1a1c01bbd47fc00a2c39e90264f33305004495a9","hash":"3c0bb63daeb377778a96729d8122e8aaa6b3302b"}
,"/home/armonius/prog/personal_page/fake_social/src/ts/app/header/header.tsx": {"path":"/home/armonius/prog/personal_page/fake_social/src/ts/app/header/header.tsx","statementMap":{"0":{"start":{"line":4,"column":22},"end":{"line":4,"column":57}},"1":{"start":{"line":4,"column":28},"end":{"line":4,"column":57}}},"fnMap":{"0":{"name":"(anonymous_0)","decl":{"start":{"line":4,"column":22},"end":{"line":4,"column":23}},"loc":{"start":{"line":4,"column":28},"end":{"line":4,"column":57}},"line":4}},"branchMap":{},"s":{"0":1,"1":4},"f":{"0":4},"b":{},"_coverageSchema":"1a1c01bbd47fc00a2c39e90264f33305004495a9","hash":"a3ec82d99a3d19f56481e22dc5374dfc3370b74a"}
,"/home/armonius/prog/personal_page/fake_social/src/ts/app/header/style.ts": {"path":"/home/armonius/prog/personal_page/fake_social/src/ts/app/header/style.ts","statementMap":{},"fnMap":{},"branchMap":{},"s":{},"f":{},"b":{},"_coverageSchema":"1a1c01bbd47fc00a2c39e90264f33305004495a9","hash":"dc9a1c8f3d1c5fbdbcb0aedb3e58597b5c81cddc"}
,"/home/armonius/prog/personal_page/fake_social/src/ts/app/nav/nav.tsx": {"path":"/home/armonius/prog/personal_page/fake_social/src/ts/app/nav/nav.tsx","statementMap":{"0":{"start":{"line":4,"column":19},"end":{"line":4,"column":48}},"1":{"start":{"line":4,"column":25},"end":{"line":4,"column":48}}},"fnMap":{"0":{"name":"(anonymous_0)","decl":{"start":{"line":4,"column":19},"end":{"line":4,"column":20}},"loc":{"start":{"line":4,"column":25},"end":{"line":4,"column":48}},"line":4}},"branchMap":{},"s":{"0":1,"1":4},"f":{"0":4},"b":{},"_coverageSchema":"1a1c01bbd47fc00a2c39e90264f33305004495a9","hash":"24acff285b20141658456cf024e9695605dd5cfb"}
,"/home/armonius/prog/personal_page/fake_social/src/ts/app/nav/style.ts": {"path":"/home/armonius/prog/personal_page/fake_social/src/ts/app/nav/style.ts","statementMap":{},"fnMap":{},"branchMap":{},"s":{},"f":{},"b":{},"_coverageSchema":"1a1c01bbd47fc00a2c39e90264f33305004495a9","hash":"b8a91d30b8ac5c600e0f69a32c2522c311f9a22d"}
,"/home/armonius/prog/personal_page/fake_social/src/ts/constants/style-colors.ts": {"path":"/home/armonius/prog/personal_page/fake_social/src/ts/constants/style-colors.ts","statementMap":{},"fnMap":{},"branchMap":{},"s":{},"f":{},"b":{},"_coverageSchema":"1a1c01bbd47fc00a2c39e90264f33305004495a9","hash":"9a14184feb3e1f27a5c3c487e0e6512bedc56a97"}
}
